{
  "stats": {
    "suites": 1,
    "tests": 1,
    "passes": 0,
    "pending": 0,
    "failures": 1,
    "start": "2024-10-14T07:08:50.149Z",
    "end": "2024-10-14T07:08:53.666Z",
    "duration": 3517,
    "testsRegistered": 1,
    "passPercent": 0,
    "pendingPercent": 0,
    "other": 0,
    "hasOther": false,
    "skipped": 0,
    "hasSkipped": false
  },
  "results": [
    {
      "uuid": "3e4ffe5f-765e-494d-a911-2dc3c8bf7e75",
      "title": "",
      "fullFile": "cypress\\e2e\\smoke\\Tc01_FirstScript.spec.js",
      "file": "cypress\\e2e\\smoke\\Tc01_FirstScript.spec.js",
      "beforeHooks": [],
      "afterHooks": [],
      "tests": [],
      "suites": [
        {
          "uuid": "d719aa82-0d25-464e-834b-fc3129933827",
          "title": "Login Functionality",
          "fullFile": "",
          "file": "",
          "beforeHooks": [],
          "afterHooks": [],
          "tests": [
            {
              "title": "Login test using Conduit",
              "fullTitle": "Login Functionality Login test using Conduit",
              "timedOut": null,
              "duration": 3505,
              "state": "failed",
              "speed": null,
              "pass": false,
              "fail": true,
              "pending": false,
              "context": null,
              "code": "// 1. 先進到測試頁\ncy.visit(\"/\");\n// cy.contains(\"a\", \"Sign in\").click();\n// 2. 抓取 Login 按鈕元素，並點擊\ncy.get('a[href=\"#login\"]').click();\n// 3. 抓取 Email 輸入框元素，並輸入測試 email\ncy.get('input[placeholder=\"Email\"]').type(\"jcjchuhu2@gmail.com\");\n// 4. 抓取 Passwrod 輸入框元素，並輸入測試 password\ncy.get('input[placeholder=\"Password\"]').type(\"abcd1234\");\n// 5. 抓取 提交 按鈕，並點擊\ncy.get('button[type=\"submit\"]').click();\n// 6. 抓取設定 按鈕\n// 6-1. 斷言頁面上有包含 \"Settings\" 文字\n// 6-2. 點擊 Settings 按鈕\n// 6-3. 抓取頁面下方的 logout 按鈕元素，並點擊\n// 6-4. 抓取 login 元素，並斷言確認頁面包含文字 \"Sign in\"\ncy.get('a[href=\"#settings\"]').then(setting => {\n  cy.wrap(setting).should(\"contain\", \"Settings\");\n  cy.wrap(setting).click();\n  cy.get('button[class=\"btn btn-outline-danger\"]').click();\n  cy.get('a[href=\"#login\"]').should(\"contain\", \"Sign in\");\n});",
              "err": {
                "message": "TypeError: The following error originated from your application code, not from Cypress. It was caused by an unhandled promise rejection.\n\n  > Cannot read properties of undefined (reading 'body')\n\nWhen Cypress detects uncaught errors originating from your application it will automatically fail the current test.\n\nThis behavior is configurable, and you can choose to turn this off by listening to the `uncaught:exception` event.\n\nhttps://on.cypress.io/uncaught-exception-from-application",
                "estack": "TypeError: The following error originated from your application code, not from Cypress. It was caused by an unhandled promise rejection.\n\n  > Cannot read properties of undefined (reading 'body')\n\nWhen Cypress detects uncaught errors originating from your application it will automatically fail the current test.\n\nThis behavior is configurable, and you can choose to turn this off by listening to the `uncaught:exception` event.\n\nhttps://on.cypress.io/uncaught-exception-from-application\n    at <unknown> (https://react-redux.realworld.io/main.js:28244:44)",
                "diff": null
              },
              "uuid": "08253767-7f4c-45c2-85e8-64cea2c0198d",
              "parentUUID": "d719aa82-0d25-464e-834b-fc3129933827",
              "isHook": false,
              "skipped": false
            }
          ],
          "suites": [],
          "passes": [],
          "failures": [
            "08253767-7f4c-45c2-85e8-64cea2c0198d"
          ],
          "pending": [],
          "skipped": [],
          "duration": 3505,
          "root": false,
          "rootEmpty": false,
          "_timeout": 2000
        }
      ],
      "passes": [],
      "failures": [],
      "pending": [],
      "skipped": [],
      "duration": 0,
      "root": true,
      "rootEmpty": true,
      "_timeout": 2000
    }
  ],
  "meta": {
    "mocha": {
      "version": "7.0.1"
    },
    "mochawesome": {
      "options": {
        "quiet": true,
        "reportFilename": "mochawesome",
        "saveHtml": false,
        "saveJson": true,
        "consoleReporter": "spec",
        "useInlineDiffs": false,
        "code": true
      },
      "version": "7.1.3"
    },
    "marge": {
      "options": {
        "id": "default",
        "reportDir": "cypress/reports/mocha",
        "quiet": true,
        "overwrite": false,
        "html": false,
        "json": true
      },
      "version": "6.2.0"
    }
  }
}