{
  "stats": {
    "suites": 1,
    "tests": 1,
    "passes": 0,
    "pending": 0,
    "failures": 1,
    "start": "2024-10-14T07:51:47.866Z",
    "end": "2024-10-14T07:51:56.169Z",
    "duration": 8303,
    "testsRegistered": 1,
    "passPercent": 0,
    "pendingPercent": 0,
    "other": 0,
    "hasOther": false,
    "skipped": 0,
    "hasSkipped": false
  },
  "results": [
    {
      "uuid": "e3e8b16d-975e-4c4d-853e-25bf4a254ca5",
      "title": "",
      "fullFile": "cypress\\e2e\\smoke\\Tc02_RadioButton.spec.js",
      "file": "cypress\\e2e\\smoke\\Tc02_RadioButton.spec.js",
      "beforeHooks": [],
      "afterHooks": [],
      "tests": [],
      "suites": [
        {
          "uuid": "7da45063-a480-41ac-ba48-3d6e875e5a17",
          "title": "Radio Button Functionality",
          "fullFile": "",
          "file": "",
          "beforeHooks": [],
          "afterHooks": [],
          "tests": [
            {
              "title": "Handliing diffenent radio button",
              "fullTitle": "Radio Button Functionality Handliing diffenent radio button",
              "timedOut": null,
              "duration": 5981,
              "state": "failed",
              "speed": null,
              "pass": false,
              "fail": true,
              "pending": false,
              "context": "\"asset/Tc02_RadioButton.spec.js/Radio Button Functionality -- Handliing diffenent radio button (failed).png\"",
              "code": "// 1. 先進到測試頁\ncy.visit(\"https://demos.jquerymobile.com/1.4.5/checkboxradio-radio/\");\n// Basic Radio Button\n// 先找到該元素，斷言該元素一開始是\"未點擊\"狀態，斷言成功的話，再點擊它\ncy.get(\"#radio-choice-0abs\").should(\"not.be.checked\").click({\n  force: true\n});\ncy.get(\"#radio-choice-0b\").should(\"not.be.checked\").click({\n  force: true\n});\n// Modern Radio Button\n// 先找到該元素，斷言該元素一開始是\"未點擊\"狀態，斷言成功的話，再點擊它\ncy.get(\"#radio-choice-h-2b\").should(\"not.be.checked\").click({\n  force: true\n});\ncy.get(\"#radio-choice-h-2c\").should(\"not.be.checked\").click({\n  force: true\n});",
              "err": {
                "message": "AssertionError: Timed out retrying after 4000ms: Expected to find element: `#radio-choice-0abs`, but never found it.",
                "estack": "AssertionError: Timed out retrying after 4000ms: Expected to find element: `#radio-choice-0abs`, but never found it.\n    at Context.eval (webpack://cypressfortest/./cypress/e2e/smoke/Tc02_RadioButton.spec.js:11:7)",
                "diff": null
              },
              "uuid": "be74ac3f-4464-44b5-86b3-1f5c316bc0ef",
              "parentUUID": "7da45063-a480-41ac-ba48-3d6e875e5a17",
              "isHook": false,
              "skipped": false
            }
          ],
          "suites": [],
          "passes": [],
          "failures": [
            "be74ac3f-4464-44b5-86b3-1f5c316bc0ef"
          ],
          "pending": [],
          "skipped": [],
          "duration": 5981,
          "root": false,
          "rootEmpty": false,
          "_timeout": 2000
        }
      ],
      "passes": [],
      "failures": [],
      "pending": [],
      "skipped": [],
      "duration": 0,
      "root": true,
      "rootEmpty": true,
      "_timeout": 2000
    }
  ],
  "meta": {
    "mocha": {
      "version": "7.0.1"
    },
    "mochawesome": {
      "options": {
        "quiet": true,
        "reportFilename": "mochawesome",
        "saveHtml": false,
        "saveJson": true,
        "consoleReporter": "spec",
        "useInlineDiffs": false,
        "code": true
      },
      "version": "7.1.3"
    },
    "marge": {
      "options": {
        "id": "default",
        "reportDir": "cypress/reports/mocha",
        "quiet": true,
        "overwrite": false,
        "html": false,
        "json": true
      },
      "version": "6.2.0"
    }
  }
}